[debug] [2025-06-01T01:35:59.708Z] ----------------------------------------------------------------------
[debug] [2025-06-01T01:35:59.715Z] Command:       C:\Program Files\nodejs\node.exe C:\Users\AB\AppData\Roaming\npm\node_modules\firebase-tools\lib\bin\firebase.js init
[debug] [2025-06-01T01:35:59.716Z] CLI Version:   14.5.1
[debug] [2025-06-01T01:35:59.716Z] Platform:      win32
[debug] [2025-06-01T01:35:59.716Z] Node Version:  v22.15.0
[debug] [2025-06-01T01:35:59.717Z] Time:          Sun Jun 01 2025 11:35:59 GMT+1000 (Australian Eastern Standard Time)
[debug] [2025-06-01T01:35:59.717Z] ----------------------------------------------------------------------
[debug] 
[debug] [2025-06-01T01:36:00.023Z] > command requires scopes: ["email","openid","https://www.googleapis.com/auth/cloudplatformprojects.readonly","https://www.googleapis.com/auth/firebase","https://www.googleapis.com/auth/cloud-platform"]
[debug] [2025-06-01T01:36:00.023Z] > authorizing via signed-in user (evoke.theapp@gmail.com)
[info] 
     ######## #### ########  ######## ########     ###     ######  ########
     ##        ##  ##     ## ##       ##     ##  ##   ##  ##       ##
     ######    ##  ########  ######   ########  #########  ######  ######
     ##        ##  ##    ##  ##       ##     ## ##     ##       ## ##
     ##       #### ##     ## ######## ########  ##     ##  ######  ########

You're about to initialize a Firebase project in this directory:

  E:\EVKE

Before we get started, keep in mind:

  * You are initializing within an existing Firebase project directory

[info] 
=== Project Setup
[info] 
[info] First, let's associate this project directory with a Firebase project.
[info] You can create multiple project aliases by running firebase use --add, 
[info] but for now we'll just set up a default project.
[info] 
[debug] [2025-06-01T01:36:22.138Z] Using project from CLI flag: evke-f6fed
[debug] [2025-06-01T01:36:22.140Z] Checked if tokens are valid: true, expires at: 1748745171875
[debug] [2025-06-01T01:36:22.140Z] Checked if tokens are valid: true, expires at: 1748745171875
[debug] [2025-06-01T01:36:22.142Z] >>> [apiv2][query] GET https://firebase.googleapis.com/v1beta1/projects/evke-f6fed [none]
[debug] [2025-06-01T01:36:23.296Z] <<< [apiv2][status] GET https://firebase.googleapis.com/v1beta1/projects/evke-f6fed 200
[debug] [2025-06-01T01:36:23.297Z] <<< [apiv2][body] GET https://firebase.googleapis.com/v1beta1/projects/evke-f6fed {"projectId":"evke-f6fed","projectNumber":"477445312641","displayName":"evke","name":"projects/evke-f6fed","resources":{"hostingSite":"evke-f6fed","realtimeDatabaseInstance":"evke-f6fed-default-rtdb"},"state":"ACTIVE","etag":"1_a01d38d5-007f-425c-bf8b-2c71397bcab7"}
[info] i  Using project evke-f6fed (evke) 
[info] 
=== Hosting Setup
[debug] [2025-06-01T01:36:23.307Z] Checked if tokens are valid: true, expires at: 1748745171875
[debug] [2025-06-01T01:36:23.307Z] Checked if tokens are valid: true, expires at: 1748745171875
[debug] [2025-06-01T01:36:23.307Z] >>> [apiv2][query] GET https://firebase.googleapis.com/v1beta1/projects/evke-f6fed [none]
[debug] [2025-06-01T01:36:23.899Z] <<< [apiv2][status] GET https://firebase.googleapis.com/v1beta1/projects/evke-f6fed 200
[debug] [2025-06-01T01:36:23.900Z] <<< [apiv2][body] GET https://firebase.googleapis.com/v1beta1/projects/evke-f6fed {"projectId":"evke-f6fed","projectNumber":"477445312641","displayName":"evke","name":"projects/evke-f6fed","resources":{"hostingSite":"evke-f6fed","realtimeDatabaseInstance":"evke-f6fed-default-rtdb"},"state":"ACTIVE","etag":"1_a01d38d5-007f-425c-bf8b-2c71397bcab7"}
[info] 
[info] i  Detected a .git folder at E:\EVKE 
[info] i  Authorizing with GitHub to upload your service account to a GitHub repository's secrets store. 
[info] 
[info] Visit this URL on this device to log in:
[info] https://github.com/login/oauth/authorize?client_id=89cf50f02ac6aaed3484&state=68034537&redirect_uri=http%3A%2F%2Flocalhost%3A9005&scope=read%3Auser%20repo%20public_repo
[info] 
[info] Waiting for authentication...
[debug] [2025-06-01T01:37:07.227Z] >>> [apiv2][query] POST https://github.com/login/oauth/access_token [none]
[debug] [2025-06-01T01:37:07.227Z] >>> [apiv2][body] POST https://github.com/login/oauth/access_token [stream]
[debug] [2025-06-01T01:37:07.933Z] <<< [apiv2][status] POST https://github.com/login/oauth/access_token 200
[debug] [2025-06-01T01:37:07.933Z] <<< [apiv2][body] POST https://github.com/login/oauth/access_token {"access_token":"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","token_type":"bearer","scope":"read:user,repo"}
[debug] [2025-06-01T01:37:07.938Z] >>> [apiv2][query] GET https://api.github.com/user [none]
[debug] [2025-06-01T01:37:08.555Z] <<< [apiv2][status] GET https://api.github.com/user 200
[debug] [2025-06-01T01:37:08.556Z] <<< [apiv2][body] GET https://api.github.com/user {"login":"evokejournal","id":211684959,"node_id":"U_kgDODJ4OXw","avatar_url":"https://avatars.githubusercontent.com/u/211684959?v=4","gravatar_id":"","url":"https://api.github.com/users/evokejournal","html_url":"https://github.com/evokejournal","followers_url":"https://api.github.com/users/evokejournal/followers","following_url":"https://api.github.com/users/evokejournal/following{/other_user}","gists_url":"https://api.github.com/users/evokejournal/gists{/gist_id}","starred_url":"https://api.github.com/users/evokejournal/starred{/owner}{/repo}","subscriptions_url":"https://api.github.com/users/evokejournal/subscriptions","organizations_url":"https://api.github.com/users/evokejournal/orgs","repos_url":"https://api.github.com/users/evokejournal/repos","events_url":"https://api.github.com/users/evokejournal/events{/privacy}","received_events_url":"https://api.github.com/users/evokejournal/received_events","type":"User","user_view_type":"private","site_admin":false,"name":null,"company":null,"blog":"","location":null,"email":null,"hireable":null,"bio":null,"twitter_username":null,"notification_email":null,"public_repos":0,"public_gists":0,"followers":0,"following":0,"created_at":"2025-05-14T13:34:14Z","updated_at":"2025-05-31T08:20:31Z","private_gists":0,"total_private_repos":6,"owned_private_repos":6,"disk_usage":4184,"collaborators":0,"two_factor_authentication":true,"plan":{"name":"free","space":976562499,"collaborators":0,"private_repos":10000}}
[info] 
[info] +  Success! Logged into GitHub as evokejournal 
[info] 
